ERROR - 2025-10-17 02:43:59 --> mysqli_sql_exception: Table 'studentportal.announcements' doesn't exist in C:\xampp\htdocs\StudentPortal-Midterm\system\Database\MySQLi\Connection.php:327
Stack trace:
#0 C:\xampp\htdocs\StudentPortal-Midterm\system\Database\MySQLi\Connection.php(327): mysqli->query('INSERT INTO `an...', 0)
#1 C:\xampp\htdocs\StudentPortal-Midterm\system\Database\BaseConnection.php(729): CodeIgniter\Database\MySQLi\Connection->execute('INSERT INTO `an...')
#2 C:\xampp\htdocs\StudentPortal-Midterm\system\Database\BaseConnection.php(646): CodeIgniter\Database\BaseConnection->simpleQuery('INSERT INTO `an...')
#3 C:\xampp\htdocs\StudentPortal-Midterm\system\Database\BaseBuilder.php(1841): CodeIgniter\Database\BaseConnection->query('INSERT INTO `an...', NULL, false)
#4 C:\xampp\htdocs\StudentPortal-Midterm\system\Database\BaseBuilder.php(2230): CodeIgniter\Database\BaseBuilder->batchExecute('_insertBatch', 100)
#5 C:\xampp\htdocs\StudentPortal-Midterm\app\Database\Seeds\AnnouncementSeeder.php(21): CodeIgniter\Database\BaseBuilder->insertBatch(Array)
#6 C:\xampp\htdocs\StudentPortal-Midterm\system\Database\Seeder.php(149): App\Database\Seeds\AnnouncementSeeder->run()
#7 C:\xampp\htdocs\StudentPortal-Midterm\system\Commands\Database\Seed.php(79): CodeIgniter\Database\Seeder->call('App\\Database\\Se...')
#8 C:\xampp\htdocs\StudentPortal-Midterm\system\CLI\Commands.php(74): CodeIgniter\Commands\Database\Seed->run(Array)
#9 C:\xampp\htdocs\StudentPortal-Midterm\system\CLI\Console.php(47): CodeIgniter\CLI\Commands->run('db:seed', Array)
#10 C:\xampp\htdocs\StudentPortal-Midterm\system\Boot.php(388): CodeIgniter\CLI\Console->run()
#11 C:\xampp\htdocs\StudentPortal-Midterm\system\Boot.php(133): CodeIgniter\Boot::runCommand(Object(CodeIgniter\CLI\Console))
#12 C:\xampp\htdocs\StudentPortal-Midterm\spark(87): CodeIgniter\Boot::bootSpark(Object(Config\Paths))
#13 {main}
ERROR - 2025-10-17 02:44:58 --> mysqli_sql_exception: Table 'studentportal.announcements' doesn't exist in C:\xampp\htdocs\StudentPortal-Midterm\system\Database\MySQLi\Connection.php:327
Stack trace:
#0 C:\xampp\htdocs\StudentPortal-Midterm\system\Database\MySQLi\Connection.php(327): mysqli->query('INSERT INTO `an...', 0)
#1 C:\xampp\htdocs\StudentPortal-Midterm\system\Database\BaseConnection.php(729): CodeIgniter\Database\MySQLi\Connection->execute('INSERT INTO `an...')
#2 C:\xampp\htdocs\StudentPortal-Midterm\system\Database\BaseConnection.php(646): CodeIgniter\Database\BaseConnection->simpleQuery('INSERT INTO `an...')
#3 C:\xampp\htdocs\StudentPortal-Midterm\system\Database\BaseBuilder.php(1841): CodeIgniter\Database\BaseConnection->query('INSERT INTO `an...', NULL, false)
#4 C:\xampp\htdocs\StudentPortal-Midterm\system\Database\BaseBuilder.php(2230): CodeIgniter\Database\BaseBuilder->batchExecute('_insertBatch', 100)
#5 C:\xampp\htdocs\StudentPortal-Midterm\app\Database\Seeds\AnnouncementSeeder.php(21): CodeIgniter\Database\BaseBuilder->insertBatch(Array)
#6 C:\xampp\htdocs\StudentPortal-Midterm\system\Database\Seeder.php(149): App\Database\Seeds\AnnouncementSeeder->run()
#7 C:\xampp\htdocs\StudentPortal-Midterm\system\Commands\Database\Seed.php(79): CodeIgniter\Database\Seeder->call('App\\Database\\Se...')
#8 C:\xampp\htdocs\StudentPortal-Midterm\system\CLI\Commands.php(74): CodeIgniter\Commands\Database\Seed->run(Array)
#9 C:\xampp\htdocs\StudentPortal-Midterm\system\CLI\Console.php(47): CodeIgniter\CLI\Commands->run('db:seed', Array)
#10 C:\xampp\htdocs\StudentPortal-Midterm\system\Boot.php(388): CodeIgniter\CLI\Console->run()
#11 C:\xampp\htdocs\StudentPortal-Midterm\system\Boot.php(133): CodeIgniter\Boot::runCommand(Object(CodeIgniter\CLI\Console))
#12 C:\xampp\htdocs\StudentPortal-Midterm\spark(87): CodeIgniter\Boot::bootSpark(Object(Config\Paths))
#13 {main}
ERROR - 2025-10-17 02:46:45 --> mysqli_sql_exception: Invalid default value for 'created_at' in C:\xampp\htdocs\StudentPortal-Midterm\system\Database\MySQLi\Connection.php:327
Stack trace:
#0 C:\xampp\htdocs\StudentPortal-Midterm\system\Database\MySQLi\Connection.php(327): mysqli->query('CREATE TABLE `a...', 0)
#1 C:\xampp\htdocs\StudentPortal-Midterm\system\Database\BaseConnection.php(729): CodeIgniter\Database\MySQLi\Connection->execute('CREATE TABLE `a...')
#2 C:\xampp\htdocs\StudentPortal-Midterm\system\Database\BaseConnection.php(646): CodeIgniter\Database\BaseConnection->simpleQuery('CREATE TABLE `a...')
#3 C:\xampp\htdocs\StudentPortal-Midterm\system\Database\Forge.php(570): CodeIgniter\Database\BaseConnection->query('CREATE TABLE `a...')
#4 C:\xampp\htdocs\StudentPortal-Midterm\app\Database\Migrations\2025-10-17-023718_CreateAnnouncementTable.php(30): CodeIgniter\Database\Forge->createTable('announcements')
#5 C:\xampp\htdocs\StudentPortal-Midterm\system\Database\MigrationRunner.php(876): App\Database\Migrations\CreateAnnouncementsTable->up()
#6 C:\xampp\htdocs\StudentPortal-Midterm\system\Database\MigrationRunner.php(182): CodeIgniter\Database\MigrationRunner->migrate('up', Object(stdClass))
#7 C:\xampp\htdocs\StudentPortal-Midterm\system\Commands\Database\Migrate.php(85): CodeIgniter\Database\MigrationRunner->latest(NULL)
#8 C:\xampp\htdocs\StudentPortal-Midterm\system\CLI\Commands.php(74): CodeIgniter\Commands\Database\Migrate->run(Array)
#9 C:\xampp\htdocs\StudentPortal-Midterm\system\CLI\Console.php(47): CodeIgniter\CLI\Commands->run('migrate', Array)
#10 C:\xampp\htdocs\StudentPortal-Midterm\system\Boot.php(388): CodeIgniter\CLI\Console->run()
#11 C:\xampp\htdocs\StudentPortal-Midterm\system\Boot.php(133): CodeIgniter\Boot::runCommand(Object(CodeIgniter\CLI\Console))
#12 C:\xampp\htdocs\StudentPortal-Midterm\spark(87): CodeIgniter\Boot::bootSpark(Object(Config\Paths))
#13 {main}
ERROR - 2025-10-17 02:49:40 --> mysqli_sql_exception: Invalid default value for 'created_at' in C:\xampp\htdocs\StudentPortal-Midterm\system\Database\MySQLi\Connection.php:327
Stack trace:
#0 C:\xampp\htdocs\StudentPortal-Midterm\system\Database\MySQLi\Connection.php(327): mysqli->query('CREATE TABLE `a...', 0)
#1 C:\xampp\htdocs\StudentPortal-Midterm\system\Database\BaseConnection.php(729): CodeIgniter\Database\MySQLi\Connection->execute('CREATE TABLE `a...')
#2 C:\xampp\htdocs\StudentPortal-Midterm\system\Database\BaseConnection.php(646): CodeIgniter\Database\BaseConnection->simpleQuery('CREATE TABLE `a...')
#3 C:\xampp\htdocs\StudentPortal-Midterm\system\Database\Forge.php(570): CodeIgniter\Database\BaseConnection->query('CREATE TABLE `a...')
#4 C:\xampp\htdocs\StudentPortal-Midterm\app\Database\Migrations\2025-10-17-023718_CreateAnnouncementsTable.php(32): CodeIgniter\Database\Forge->createTable('announcements')
#5 C:\xampp\htdocs\StudentPortal-Midterm\system\Database\MigrationRunner.php(876): App\Database\Migrations\CreateAnnouncementsTable->up()
#6 C:\xampp\htdocs\StudentPortal-Midterm\system\Database\MigrationRunner.php(182): CodeIgniter\Database\MigrationRunner->migrate('up', Object(stdClass))
#7 C:\xampp\htdocs\StudentPortal-Midterm\system\Commands\Database\Migrate.php(85): CodeIgniter\Database\MigrationRunner->latest(NULL)
#8 C:\xampp\htdocs\StudentPortal-Midterm\system\CLI\Commands.php(74): CodeIgniter\Commands\Database\Migrate->run(Array)
#9 C:\xampp\htdocs\StudentPortal-Midterm\system\CLI\Console.php(47): CodeIgniter\CLI\Commands->run('migrate', Array)
#10 C:\xampp\htdocs\StudentPortal-Midterm\system\Boot.php(388): CodeIgniter\CLI\Console->run()
#11 C:\xampp\htdocs\StudentPortal-Midterm\system\Boot.php(133): CodeIgniter\Boot::runCommand(Object(CodeIgniter\CLI\Console))
#12 C:\xampp\htdocs\StudentPortal-Midterm\spark(87): CodeIgniter\Boot::bootSpark(Object(Config\Paths))
#13 {main}
ERROR - 2025-10-17 02:51:38 --> mysqli_sql_exception: Invalid default value for 'created_at' in C:\xampp\htdocs\StudentPortal-Midterm\system\Database\MySQLi\Connection.php:327
Stack trace:
#0 C:\xampp\htdocs\StudentPortal-Midterm\system\Database\MySQLi\Connection.php(327): mysqli->query('CREATE TABLE `a...', 0)
#1 C:\xampp\htdocs\StudentPortal-Midterm\system\Database\BaseConnection.php(729): CodeIgniter\Database\MySQLi\Connection->execute('CREATE TABLE `a...')
#2 C:\xampp\htdocs\StudentPortal-Midterm\system\Database\BaseConnection.php(646): CodeIgniter\Database\BaseConnection->simpleQuery('CREATE TABLE `a...')
#3 C:\xampp\htdocs\StudentPortal-Midterm\system\Database\Forge.php(570): CodeIgniter\Database\BaseConnection->query('CREATE TABLE `a...')
#4 C:\xampp\htdocs\StudentPortal-Midterm\app\Database\Migrations\2025-10-17-023718_CreateAnnouncementsTable.php(32): CodeIgniter\Database\Forge->createTable('announcements')
#5 C:\xampp\htdocs\StudentPortal-Midterm\system\Database\MigrationRunner.php(876): App\Database\Migrations\CreateAnnouncementsTable->up()
#6 C:\xampp\htdocs\StudentPortal-Midterm\system\Database\MigrationRunner.php(182): CodeIgniter\Database\MigrationRunner->migrate('up', Object(stdClass))
#7 C:\xampp\htdocs\StudentPortal-Midterm\system\Commands\Database\Migrate.php(85): CodeIgniter\Database\MigrationRunner->latest(NULL)
#8 C:\xampp\htdocs\StudentPortal-Midterm\system\CLI\Commands.php(74): CodeIgniter\Commands\Database\Migrate->run(Array)
#9 C:\xampp\htdocs\StudentPortal-Midterm\system\CLI\Console.php(47): CodeIgniter\CLI\Commands->run('migrate', Array)
#10 C:\xampp\htdocs\StudentPortal-Midterm\system\Boot.php(388): CodeIgniter\CLI\Console->run()
#11 C:\xampp\htdocs\StudentPortal-Midterm\system\Boot.php(133): CodeIgniter\Boot::runCommand(Object(CodeIgniter\CLI\Console))
#12 C:\xampp\htdocs\StudentPortal-Midterm\spark(87): CodeIgniter\Boot::bootSpark(Object(Config\Paths))
#13 {main}
ERROR - 2025-10-17 02:52:01 --> mysqli_sql_exception: Invalid default value for 'created_at' in C:\xampp\htdocs\StudentPortal-Midterm\system\Database\MySQLi\Connection.php:327
Stack trace:
#0 C:\xampp\htdocs\StudentPortal-Midterm\system\Database\MySQLi\Connection.php(327): mysqli->query('CREATE TABLE `a...', 0)
#1 C:\xampp\htdocs\StudentPortal-Midterm\system\Database\BaseConnection.php(729): CodeIgniter\Database\MySQLi\Connection->execute('CREATE TABLE `a...')
#2 C:\xampp\htdocs\StudentPortal-Midterm\system\Database\BaseConnection.php(646): CodeIgniter\Database\BaseConnection->simpleQuery('CREATE TABLE `a...')
#3 C:\xampp\htdocs\StudentPortal-Midterm\system\Database\Forge.php(570): CodeIgniter\Database\BaseConnection->query('CREATE TABLE `a...')
#4 C:\xampp\htdocs\StudentPortal-Midterm\app\Database\Migrations\2025-10-17-023718_CreateAnnouncementsTable.php(32): CodeIgniter\Database\Forge->createTable('announcements')
#5 C:\xampp\htdocs\StudentPortal-Midterm\system\Database\MigrationRunner.php(876): App\Database\Migrations\CreateAnnouncementsTable->up()
#6 C:\xampp\htdocs\StudentPortal-Midterm\system\Database\MigrationRunner.php(182): CodeIgniter\Database\MigrationRunner->migrate('up', Object(stdClass))
#7 C:\xampp\htdocs\StudentPortal-Midterm\system\Commands\Database\Migrate.php(85): CodeIgniter\Database\MigrationRunner->latest(NULL)
#8 C:\xampp\htdocs\StudentPortal-Midterm\system\CLI\Commands.php(74): CodeIgniter\Commands\Database\Migrate->run(Array)
#9 C:\xampp\htdocs\StudentPortal-Midterm\system\CLI\Console.php(47): CodeIgniter\CLI\Commands->run('migrate', Array)
#10 C:\xampp\htdocs\StudentPortal-Midterm\system\Boot.php(388): CodeIgniter\CLI\Console->run()
#11 C:\xampp\htdocs\StudentPortal-Midterm\system\Boot.php(133): CodeIgniter\Boot::runCommand(Object(CodeIgniter\CLI\Console))
#12 C:\xampp\htdocs\StudentPortal-Midterm\spark(87): CodeIgniter\Boot::bootSpark(Object(Config\Paths))
#13 {main}
DEBUG - 2025-10-17 03:04:30 --> Session: Class initialized using 'CodeIgniter\Session\Handlers\FileHandler' driver.
DEBUG - 2025-10-17 03:04:35 --> Session: Class initialized using 'CodeIgniter\Session\Handlers\FileHandler' driver.
DEBUG - 2025-10-17 03:04:36 --> Session: Class initialized using 'CodeIgniter\Session\Handlers\FileHandler' driver.
DEBUG - 2025-10-17 03:05:01 --> Session: Class initialized using 'CodeIgniter\Session\Handlers\FileHandler' driver.
DEBUG - 2025-10-17 03:05:02 --> Session: Class initialized using 'CodeIgniter\Session\Handlers\FileHandler' driver.
